{
  "stats": {
    "suites": 2,
    "tests": 5,
    "passes": 5,
    "pending": 0,
    "failures": 0,
    "start": "2019-12-01T17:21:20.504Z",
    "end": "2019-12-01T17:21:25.568Z",
    "duration": 5064,
    "testsRegistered": 5,
    "passPercent": 100,
    "pendingPercent": 0,
    "other": 0,
    "hasOther": false,
    "skipped": 0,
    "hasSkipped": false
  },
  "results": [
    {
      "uuid": "7bdbd976-93a4-48f0-bbd5-378e3f8b9ba3",
      "title": "",
      "fullFile": "",
      "file": "",
      "beforeHooks": [],
      "afterHooks": [],
      "tests": [],
      "suites": [
        {
          "uuid": "f7fb9091-c113-4954-b57e-b29bb30d1620",
          "title": "calculateSquare",
          "fullFile": "E:\\sources\\mocha-chai-test\\test\\sample.test.js",
          "file": "\\test\\sample.test.js",
          "beforeHooks": [
            {
              "title": "\"before all\" hook",
              "fullTitle": "calculateSquare \"before all\" hook",
              "timedOut": false,
              "duration": 28,
              "state": null,
              "speed": null,
              "pass": false,
              "fail": false,
              "pending": false,
              "context": null,
              "code": "camo.connect('mongodb://localhost:27017/app_test').then(function(db) {\n    database = db;\n    return database.dropDatabase();\n}).then(function() {}).then(done, done);",
              "err": {},
              "uuid": "0483297b-3f76-422e-8fdf-22fea7b1be0c",
              "parentUUID": "f7fb9091-c113-4954-b57e-b29bb30d1620",
              "isHook": true,
              "skipped": false
            }
          ],
          "afterHooks": [],
          "tests": [
            {
              "title": "should return 4 if pass 2",
              "fullTitle": "calculateSquare should return 4 if pass 2",
              "timedOut": false,
              "duration": 1002,
              "state": "passed",
              "speed": "slow",
              "pass": true,
              "fail": false,
              "pending": false,
              "context": null,
              "code": "calculateSquare(2, function(error, result){\n    expect(result).to.equal(4);\n    done();\n})",
              "err": {},
              "uuid": "5be4a335-6daa-41dd-990a-d7183cd8556e",
              "parentUUID": "f7fb9091-c113-4954-b57e-b29bb30d1620",
              "isHook": false,
              "skipped": false
            },
            {
              "title": "should return an error if pass a string",
              "fullTitle": "calculateSquare should return an error if pass a string",
              "timedOut": false,
              "duration": 1000,
              "state": "passed",
              "speed": "slow",
              "pass": true,
              "fail": false,
              "pending": false,
              "context": null,
              "code": "calculateSquare('string', function(error, result){\n    expect(error).to.not.equals(null);\n    expect(error.message).to.equals('Argument of type number is expected!');\n    done();\n})",
              "err": {},
              "uuid": "31b5d718-38f6-4381-b22d-c273bfd1bb12",
              "parentUUID": "f7fb9091-c113-4954-b57e-b29bb30d1620",
              "isHook": false,
              "skipped": false
            }
          ],
          "suites": [],
          "passes": [
            "5be4a335-6daa-41dd-990a-d7183cd8556e",
            "31b5d718-38f6-4381-b22d-c273bfd1bb12"
          ],
          "failures": [],
          "pending": [],
          "skipped": [],
          "duration": 2002,
          "root": false,
          "rootEmpty": false,
          "_timeout": 2000
        },
        {
          "uuid": "1ec9e5d6-8602-43f8-86d6-2e1f74cabbff",
          "title": "calculate-Square-Promise",
          "fullFile": "E:\\sources\\mocha-chai-test\\test\\samples-promise.test.js",
          "file": "\\test\\samples-promise.test.js",
          "beforeHooks": [],
          "afterHooks": [],
          "tests": [
            {
              "title": "should resolve with number 4 if passed number 2",
              "fullTitle": "calculate-Square-Promise should resolve with number 4 if passed number 2",
              "timedOut": false,
              "duration": 1000,
              "state": "passed",
              "speed": "slow",
              "pass": true,
              "fail": false,
              "pending": false,
              "context": null,
              "code": "expect(calculateSquare(2)).to.eventually.be.equal(4).notify(done);",
              "err": {},
              "uuid": "e17faae6-94fd-49f3-a380-5a151818019b",
              "parentUUID": "1ec9e5d6-8602-43f8-86d6-2e1f74cabbff",
              "isHook": false,
              "skipped": false
            },
            {
              "title": "should become fullfilled when passed number 2",
              "fullTitle": "calculate-Square-Promise should become fullfilled when passed number 2",
              "timedOut": false,
              "duration": 1001,
              "state": "passed",
              "speed": "slow",
              "pass": true,
              "fail": false,
              "pending": false,
              "context": null,
              "code": "return expect(calculateSquare(2)).to.be.fulfilled;",
              "err": {},
              "uuid": "58031134-ebec-4bd7-99bf-0deb2a08deeb",
              "parentUUID": "1ec9e5d6-8602-43f8-86d6-2e1f74cabbff",
              "isHook": false,
              "skipped": false
            },
            {
              "title": "should become rejected when pass a string instead of number",
              "fullTitle": "calculate-Square-Promise should become rejected when pass a string instead of number",
              "timedOut": false,
              "duration": 1000,
              "state": "passed",
              "speed": "slow",
              "pass": true,
              "fail": false,
              "pending": false,
              "context": null,
              "code": "return expect(calculateSquare('string')).to.be.rejected;",
              "err": {},
              "uuid": "ac5db084-934d-4d8c-8258-fe75b5e39cee",
              "parentUUID": "1ec9e5d6-8602-43f8-86d6-2e1f74cabbff",
              "isHook": false,
              "skipped": false
            }
          ],
          "suites": [],
          "passes": [
            "e17faae6-94fd-49f3-a380-5a151818019b",
            "58031134-ebec-4bd7-99bf-0deb2a08deeb",
            "ac5db084-934d-4d8c-8258-fe75b5e39cee"
          ],
          "failures": [],
          "pending": [],
          "skipped": [],
          "duration": 3001,
          "root": false,
          "rootEmpty": false,
          "_timeout": 2000
        }
      ],
      "passes": [],
      "failures": [],
      "pending": [],
      "skipped": [],
      "duration": 0,
      "root": true,
      "rootEmpty": true,
      "_timeout": 2000
    }
  ],
  "meta": {
    "mocha": {
      "version": "6.2.2"
    },
    "mochawesome": {
      "options": {
        "quiet": false,
        "reportFilename": "mochawesome",
        "saveHtml": true,
        "saveJson": true,
        "consoleReporter": "spec",
        "useInlineDiffs": false
      },
      "version": "4.1.0"
    },
    "marge": {
      "options": null,
      "version": "4.0.1"
    }
  }
}